T2D-6A_GL0083352
V1.UC4-5_GL0154511
MH0198_GL0136826
V1.FI28_GL0106390
MH0318_GL0144550
SZEY-41A_GL0088289
O2.UC30-1_GL0131651
MH0448_GL0031005
MH0169_GL0104706
MH0422_GL0083623
MH0369_GL0168249
MH0385_GL0138259
MH0375_GL0055679
MH0098_GL0013127
MH0373_GL0167943
ED10A_GL0039772
MH0448_GL0032554
MH0333_GL0088263
T2D-11A_GL0001169
V1.FI17_GL0096379
MH0417_GL0177956
MH0149_GL0000163
MH0250_GL0159216
MH0250_GL0100734
MH0437_GL0171487
158742018-stool1_revised_scaffold12157_1_gene5110
MH0448_GL0071049
T2D-154A_GL0091237
V1.UC49-1_GL0137987
MH0373_GL0178447
V1.CD43-0_GL0113738
O2.CD1-0-PT_GL0121024
O2.UC7-1_GL0103212
911104.WcibK1_010100007220
MH0302_GL0007274
V1.FI14_GL0047934
ED10A_GL0076498
T2D-10A_GL0046220
O2.UC50-0_GL0272914
T2D-54A_GL0099152
O2.UC40-1_GL0177715
ED16A_GL0163742
MH0402_GL0108421
MH0371_GL0027206
V1.FI14_GL0233119
V1.UC55-0_GL0021690
MH0293_GL0136119
MH0271_GL0123265
V1.CD6-4_GL0074357
V1.FI30_GL0069603
MH0399_GL0197081
MH0111_GL0020404
V1.UC10-2_GL0075124
MH0437_GL0261962
V1.CD22-0_GL0050211
MH0188_GL0015296
MH0035_GL0007850
MH0204_GL0130625
585054.EFER_0542
MH0348_GL0090740
N047A_GL0093658
MH0257_GL0168559
158499257-stool2_revised_scaffold68734_1_gene63925
MH0281_GL0034653
O2.UC31-1_GL0156728
MH0333_GL0052149
MH0377_GL0011889
MH0448_GL0004636
T2D-9A_GL0094093
MH0453_GL0088496
MH0407_GL0012296
V1.UC58-4_GL0114640
MH0097_GL0052187
MH0375_GL0055361
MH0445_GL0032142
SZEY-48A_GL0052647
1048689.ECO55CA74_02930
MH0427_GL0087973
754082.ECSTEC7V_0573
V1.FI20_GL0233459
MH0276_GL0250660
O2.UC29-2_GL0073379
MH0437_GL0137181
O2.UC12-1_GL0034795
MH0419_GL0193204
159207311-stool1_revised_scaffold4592_7_gene48212
MH0048_GL0000010
MH0205_GL0065612
MH0373_GL0094743
764649650-stool1_revised_scaffold4501_3_gene39818
MH0338_GL0022176
O2.UC43-0_GL0090208
O2.UC32-1_GL0074784
MH0337_GL0138338
MH0111_GL0087656
MH0385_GL0189806
MH0340_GL0164744
MH0384_GL0018759
MH0428_GL0163844
MH0308_GL0134591
